2023-05-28 09:44:40,185 [trainer.py] => config: ./exps/icarl.json
2023-05-28 09:44:40,186 [trainer.py] => prefix: reproduce
2023-05-28 09:44:40,186 [trainer.py] => dataset: cifar100
2023-05-28 09:44:40,186 [trainer.py] => memory_size: 2000
2023-05-28 09:44:40,186 [trainer.py] => memory_per_class: 20
2023-05-28 09:44:40,186 [trainer.py] => fixed_memory: False
2023-05-28 09:44:40,186 [trainer.py] => shuffle: True
2023-05-28 09:44:40,186 [trainer.py] => init_cls: 10
2023-05-28 09:44:40,186 [trainer.py] => increment: 10
2023-05-28 09:44:40,186 [trainer.py] => model_name: icarl
2023-05-28 09:44:40,186 [trainer.py] => convnet_type: resnet32
2023-05-28 09:44:40,186 [trainer.py] => device: [device(type='cuda', index=0), device(type='cuda', index=1), device(type='cuda', index=2), device(type='cuda', index=3)]
2023-05-28 09:44:40,186 [trainer.py] => seed: 1993
2023-05-28 09:44:41,248 [data_manager.py] => [68, 56, 78, 8, 23, 84, 90, 65, 74, 76, 40, 89, 3, 92, 55, 9, 26, 80, 43, 38, 58, 70, 77, 1, 85, 19, 17, 50, 28, 53, 13, 81, 45, 82, 6, 59, 83, 16, 15, 44, 91, 41, 72, 60, 79, 52, 20, 10, 31, 54, 37, 95, 14, 71, 96, 98, 97, 2, 64, 66, 42, 22, 35, 86, 24, 34, 87, 21, 99, 0, 88, 27, 18, 94, 11, 12, 47, 25, 30, 46, 62, 69, 36, 61, 7, 63, 75, 5, 32, 4, 51, 48, 73, 93, 39, 67, 29, 49, 57, 33]
2023-05-28 09:44:41,500 [trainer.py] => All params: 464154
2023-05-28 09:44:41,500 [trainer.py] => Trainable params: 464154
2023-05-28 09:44:41,500 [icarl.py] => Learning on 0-10
2023-05-28 09:53:19,260 [icarl.py] => Task 0, Epoch 200/200 => Loss 0.037, Train_accy 99.42
2023-05-28 09:53:19,261 [base.py] => Reducing exemplars...(200 per classes)
2023-05-28 09:53:19,261 [base.py] => Constructing exemplars...(200 per classes)
2023-05-28 09:53:36,070 [icarl.py] => Exemplar size: 2000
2023-05-28 09:53:36,070 [trainer.py] => CNN: {'total': 90.6, '00-09': 90.6, 'old': 0, 'new': 90.6}
2023-05-28 09:53:36,070 [trainer.py] => NME: {'total': 89.9, '00-09': 89.9, 'old': 0, 'new': 89.9}
2023-05-28 09:53:36,070 [trainer.py] => CNN top1 curve: [90.6]
2023-05-28 09:53:36,070 [trainer.py] => CNN top5 curve: [99.5]
2023-05-28 09:53:36,070 [trainer.py] => NME top1 curve: [89.9]
2023-05-28 09:53:36,070 [trainer.py] => NME top5 curve: [99.7]

2023-05-28 09:53:36,070 [trainer.py] => All params: 464804
2023-05-28 09:53:36,070 [trainer.py] => Trainable params: 464804
2023-05-28 09:53:36,071 [icarl.py] => Learning on 10-20
2023-05-28 10:03:08,978 [icarl.py] => Task 1, Epoch 170/170 => Loss 1.043, Train_accy 99.67
2023-05-28 10:03:08,979 [base.py] => Reducing exemplars...(100 per classes)
2023-05-28 10:03:15,867 [base.py] => Constructing exemplars...(100 per classes)
2023-05-28 10:03:32,877 [icarl.py] => Exemplar size: 2000
2023-05-28 10:03:32,877 [trainer.py] => CNN: {'total': 77.8, '00-09': 77.1, '10-19': 78.5, 'old': 77.1, 'new': 78.5}
2023-05-28 10:03:32,877 [trainer.py] => NME: {'total': 78.2, '00-09': 80.4, '10-19': 76.0, 'old': 80.4, 'new': 76.0}
2023-05-28 10:03:32,877 [trainer.py] => CNN top1 curve: [90.6, 77.8]
2023-05-28 10:03:32,877 [trainer.py] => CNN top5 curve: [99.5, 96.55]
2023-05-28 10:03:32,877 [trainer.py] => NME top1 curve: [89.9, 78.2]
2023-05-28 10:03:32,877 [trainer.py] => NME top5 curve: [99.7, 95.9]

2023-05-28 10:03:32,877 [trainer.py] => All params: 465454
2023-05-28 10:03:32,878 [trainer.py] => Trainable params: 465454
2023-05-28 10:03:32,878 [icarl.py] => Learning on 20-30
2023-05-28 18:23:44,467 [trainer.py] => config: ./exps/icarl.json
2023-05-28 18:23:44,467 [trainer.py] => prefix: reproduce
2023-05-28 18:23:44,467 [trainer.py] => dataset: cifar100
2023-05-28 18:23:44,467 [trainer.py] => memory_size: 2000
2023-05-28 18:23:44,467 [trainer.py] => memory_per_class: 20
2023-05-28 18:23:44,467 [trainer.py] => fixed_memory: False
2023-05-28 18:23:44,467 [trainer.py] => shuffle: True
2023-05-28 18:23:44,467 [trainer.py] => init_cls: 10
2023-05-28 18:23:44,467 [trainer.py] => increment: 10
2023-05-28 18:23:44,467 [trainer.py] => model_name: icarl
2023-05-28 18:23:44,467 [trainer.py] => convnet_type: resnet32
2023-05-28 18:23:44,467 [trainer.py] => device: [device(type='cuda', index=0), device(type='cuda', index=1), device(type='cuda', index=2), device(type='cuda', index=3)]
2023-05-28 18:23:44,467 [trainer.py] => seed: 1993
2023-05-28 18:23:45,581 [data_manager.py] => [68, 56, 78, 8, 23, 84, 90, 65, 74, 76, 40, 89, 3, 92, 55, 9, 26, 80, 43, 38, 58, 70, 77, 1, 85, 19, 17, 50, 28, 53, 13, 81, 45, 82, 6, 59, 83, 16, 15, 44, 91, 41, 72, 60, 79, 52, 20, 10, 31, 54, 37, 95, 14, 71, 96, 98, 97, 2, 64, 66, 42, 22, 35, 86, 24, 34, 87, 21, 99, 0, 88, 27, 18, 94, 11, 12, 47, 25, 30, 46, 62, 69, 36, 61, 7, 63, 75, 5, 32, 4, 51, 48, 73, 93, 39, 67, 29, 49, 57, 33]
2023-05-28 18:23:45,825 [trainer.py] => All params: 464154
2023-05-28 18:23:45,825 [trainer.py] => Trainable params: 464154
2023-05-28 18:23:45,825 [icarl.py] => Learning on 0-10
2023-05-28 18:33:12,625 [icarl.py] => Task 0, Epoch 200/200 => Loss 0.037, Train_accy 99.42
2023-05-28 18:33:12,625 [base.py] => Reducing exemplars...(200 per classes)
2023-05-28 18:33:12,625 [base.py] => Constructing exemplars...(200 per classes)
2023-05-28 18:33:30,081 [icarl.py] => Exemplar size: 2000
2023-05-28 18:33:30,081 [trainer.py] => CNN: {'total': 90.6, '00-09': 90.6, 'old': 0, 'new': 90.6}
2023-05-28 18:33:30,081 [trainer.py] => NME: {'total': 89.9, '00-09': 89.9, 'old': 0, 'new': 89.9}
2023-05-28 18:33:30,081 [trainer.py] => CNN top1 curve: [90.6]
2023-05-28 18:33:30,081 [trainer.py] => CNN top5 curve: [99.5]
2023-05-28 18:33:30,081 [trainer.py] => NME top1 curve: [89.9]
2023-05-28 18:33:30,081 [trainer.py] => NME top5 curve: [99.7]

2023-05-28 18:33:30,081 [trainer.py] => All params: 464804
2023-05-28 18:33:30,081 [trainer.py] => Trainable params: 464804
2023-05-28 18:33:30,082 [icarl.py] => Learning on 10-20
2023-05-28 18:45:00,183 [icarl.py] => Task 1, Epoch 170/170 => Loss 1.043, Train_accy 99.67
2023-05-28 18:45:00,184 [base.py] => Reducing exemplars...(100 per classes)
2023-05-28 18:45:07,363 [base.py] => Constructing exemplars...(100 per classes)
2023-05-28 18:45:24,882 [icarl.py] => Exemplar size: 2000
2023-05-28 18:45:24,882 [trainer.py] => CNN: {'total': 77.8, '00-09': 77.1, '10-19': 78.5, 'old': 77.1, 'new': 78.5}
2023-05-28 18:45:24,882 [trainer.py] => NME: {'total': 78.2, '00-09': 80.4, '10-19': 76.0, 'old': 80.4, 'new': 76.0}
2023-05-28 18:45:24,882 [trainer.py] => CNN top1 curve: [90.6, 77.8]
2023-05-28 18:45:24,882 [trainer.py] => CNN top5 curve: [99.5, 96.55]
2023-05-28 18:45:24,882 [trainer.py] => NME top1 curve: [89.9, 78.2]
2023-05-28 18:45:24,882 [trainer.py] => NME top5 curve: [99.7, 95.9]

2023-05-28 18:45:24,883 [trainer.py] => All params: 465454
2023-05-28 18:45:24,883 [trainer.py] => Trainable params: 465454
2023-05-28 18:45:24,885 [icarl.py] => Learning on 20-30
2023-05-28 18:57:05,627 [icarl.py] => Task 2, Epoch 170/170 => Loss 1.211, Train_accy 99.81
2023-05-28 18:57:05,628 [base.py] => Reducing exemplars...(66 per classes)
2023-05-28 18:57:20,917 [base.py] => Constructing exemplars...(66 per classes)
2023-05-28 18:57:38,585 [icarl.py] => Exemplar size: 1980
2023-05-28 18:57:38,585 [trainer.py] => CNN: {'total': 73.23, '00-09': 72.7, '10-19': 58.1, '20-29': 88.9, 'old': 65.4, 'new': 88.9}
2023-05-28 18:57:38,585 [trainer.py] => NME: {'total': 75.4, '00-09': 76.3, '10-19': 65.5, '20-29': 84.4, 'old': 70.9, 'new': 84.4}
2023-05-28 18:57:38,585 [trainer.py] => CNN top1 curve: [90.6, 77.8, 73.23]
2023-05-28 18:57:38,585 [trainer.py] => CNN top5 curve: [99.5, 96.55, 94.03]
2023-05-28 18:57:38,585 [trainer.py] => NME top1 curve: [89.9, 78.2, 75.4]
2023-05-28 18:57:38,585 [trainer.py] => NME top5 curve: [99.7, 95.9, 94.03]

2023-05-28 18:57:38,585 [trainer.py] => All params: 466104
2023-05-28 18:57:38,585 [trainer.py] => Trainable params: 466104
2023-05-28 18:57:38,586 [icarl.py] => Learning on 30-40
2023-05-28 19:08:43,354 [icarl.py] => Task 3, Epoch 170/170 => Loss 1.516, Train_accy 99.74
2023-05-28 19:08:43,354 [base.py] => Reducing exemplars...(50 per classes)
2023-05-28 19:09:05,981 [base.py] => Constructing exemplars...(50 per classes)
2023-05-28 19:09:24,293 [icarl.py] => Exemplar size: 2000
2023-05-28 19:09:24,293 [trainer.py] => CNN: {'total': 64.68, '00-09': 62.6, '10-19': 47.0, '20-29': 66.4, '30-39': 82.7, 'old': 58.67, 'new': 82.7}
2023-05-28 19:09:24,294 [trainer.py] => NME: {'total': 68.82, '00-09': 69.3, '10-19': 55.9, '20-29': 73.8, '30-39': 76.3, 'old': 66.33, 'new': 76.3}
2023-05-28 19:09:24,294 [trainer.py] => CNN top1 curve: [90.6, 77.8, 73.23, 64.68]
2023-05-28 19:09:24,294 [trainer.py] => CNN top5 curve: [99.5, 96.55, 94.03, 90.78]
2023-05-28 19:09:24,294 [trainer.py] => NME top1 curve: [89.9, 78.2, 75.4, 68.82]
2023-05-28 19:09:24,294 [trainer.py] => NME top5 curve: [99.7, 95.9, 94.03, 91.2]

2023-05-28 19:09:24,294 [trainer.py] => All params: 466754
2023-05-28 19:09:24,294 [trainer.py] => Trainable params: 466754
2023-05-28 19:09:24,295 [icarl.py] => Learning on 40-50
2023-05-28 19:19:59,250 [icarl.py] => Task 4, Epoch 170/170 => Loss 1.569, Train_accy 99.90
2023-05-28 19:19:59,251 [base.py] => Reducing exemplars...(40 per classes)
2023-05-28 19:20:28,639 [base.py] => Constructing exemplars...(40 per classes)
2023-05-28 19:20:46,800 [icarl.py] => Exemplar size: 2000
2023-05-28 19:20:46,800 [trainer.py] => CNN: {'total': 59.44, '00-09': 56.5, '10-19': 38.2, '20-29': 55.9, '30-39': 56.9, '40-49': 89.7, 'old': 51.88, 'new': 89.7}
2023-05-28 19:20:46,800 [trainer.py] => NME: {'total': 65.1, '00-09': 65.8, '10-19': 44.8, '20-29': 67.3, '30-39': 65.3, '40-49': 82.3, 'old': 60.8, 'new': 82.3}
2023-05-28 19:20:46,800 [trainer.py] => CNN top1 curve: [90.6, 77.8, 73.23, 64.68, 59.44]
2023-05-28 19:20:46,800 [trainer.py] => CNN top5 curve: [99.5, 96.55, 94.03, 90.78, 87.42]
2023-05-28 19:20:46,800 [trainer.py] => NME top1 curve: [89.9, 78.2, 75.4, 68.82, 65.1]
2023-05-28 19:20:46,800 [trainer.py] => NME top5 curve: [99.7, 95.9, 94.03, 91.2, 88.54]

2023-05-28 19:20:46,801 [trainer.py] => All params: 467404
2023-05-28 19:20:46,801 [trainer.py] => Trainable params: 467404
2023-05-28 19:20:46,802 [icarl.py] => Learning on 50-60
2023-05-28 19:31:34,639 [icarl.py] => Task 5, Epoch 170/170 => Loss 1.758, Train_accy 99.77
2023-05-28 19:31:34,639 [base.py] => Reducing exemplars...(33 per classes)
2023-05-28 19:32:10,075 [base.py] => Constructing exemplars...(33 per classes)
2023-05-28 19:32:27,417 [icarl.py] => Exemplar size: 1980
2023-05-28 19:32:27,417 [trainer.py] => CNN: {'total': 55.32, '00-09': 48.6, '10-19': 32.9, '20-29': 52.9, '30-39': 47.1, '40-49': 66.7, '50-59': 83.7, 'old': 49.64, 'new': 83.7}
2023-05-28 19:32:27,417 [trainer.py] => NME: {'total': 61.45, '00-09': 59.9, '10-19': 41.6, '20-29': 63.8, '30-39': 57.1, '40-49': 71.1, '50-59': 75.2, 'old': 58.7, 'new': 75.2}
2023-05-28 19:32:27,417 [trainer.py] => CNN top1 curve: [90.6, 77.8, 73.23, 64.68, 59.44, 55.32]
2023-05-28 19:32:27,417 [trainer.py] => CNN top5 curve: [99.5, 96.55, 94.03, 90.78, 87.42, 83.72]
2023-05-28 19:32:27,417 [trainer.py] => NME top1 curve: [89.9, 78.2, 75.4, 68.82, 65.1, 61.45]
2023-05-28 19:32:27,417 [trainer.py] => NME top5 curve: [99.7, 95.9, 94.03, 91.2, 88.54, 85.65]

2023-05-28 19:32:27,417 [trainer.py] => All params: 468054
2023-05-28 19:32:27,418 [trainer.py] => Trainable params: 468054
2023-05-28 19:32:27,419 [icarl.py] => Learning on 60-70
2023-05-28 19:43:09,184 [icarl.py] => Task 6, Epoch 170/170 => Loss 1.752, Train_accy 99.84
2023-05-28 19:43:09,184 [base.py] => Reducing exemplars...(28 per classes)
2023-05-28 19:43:52,843 [base.py] => Constructing exemplars...(28 per classes)
2023-05-28 19:44:10,985 [icarl.py] => Exemplar size: 1960
2023-05-28 19:44:10,985 [trainer.py] => CNN: {'total': 52.86, '00-09': 48.2, '10-19': 28.9, '20-29': 51.9, '30-39': 39.1, '40-49': 58.4, '50-59': 54.2, '60-69': 89.3, 'old': 46.78, 'new': 89.3}
2023-05-28 19:44:10,985 [trainer.py] => NME: {'total': 58.1, '00-09': 57.2, '10-19': 36.5, '20-29': 60.2, '30-39': 49.8, '40-49': 65.0, '50-59': 61.3, '60-69': 76.7, 'old': 55.0, 'new': 76.7}
2023-05-28 19:44:10,986 [trainer.py] => CNN top1 curve: [90.6, 77.8, 73.23, 64.68, 59.44, 55.32, 52.86]
2023-05-28 19:44:10,986 [trainer.py] => CNN top5 curve: [99.5, 96.55, 94.03, 90.78, 87.42, 83.72, 80.24]
2023-05-28 19:44:10,986 [trainer.py] => NME top1 curve: [89.9, 78.2, 75.4, 68.82, 65.1, 61.45, 58.1]
2023-05-28 19:44:10,986 [trainer.py] => NME top5 curve: [99.7, 95.9, 94.03, 91.2, 88.54, 85.65, 83.59]

2023-05-28 19:44:10,986 [trainer.py] => All params: 468704
2023-05-28 19:44:10,986 [trainer.py] => Trainable params: 468704
2023-05-28 19:44:10,986 [icarl.py] => Learning on 70-80
2023-05-28 19:54:50,739 [icarl.py] => Task 7, Epoch 170/170 => Loss 1.666, Train_accy 99.80
2023-05-28 19:54:50,740 [base.py] => Reducing exemplars...(25 per classes)
2023-05-28 19:55:40,655 [base.py] => Constructing exemplars...(25 per classes)
2023-05-28 19:55:58,700 [icarl.py] => Exemplar size: 2000
2023-05-28 19:55:58,701 [trainer.py] => CNN: {'total': 47.11, '00-09': 41.6, '10-19': 28.0, '20-29': 49.9, '30-39': 33.2, '40-49': 45.1, '50-59': 37.5, '60-69': 58.6, '70-79': 83.0, 'old': 41.99, 'new': 83.0}
2023-05-28 19:55:58,701 [trainer.py] => NME: {'total': 53.89, '00-09': 50.7, '10-19': 35.1, '20-29': 58.1, '30-39': 44.4, '40-49': 57.4, '50-59': 46.8, '60-69': 63.6, '70-79': 75.0, 'old': 50.87, 'new': 75.0}
2023-05-28 19:55:58,701 [trainer.py] => CNN top1 curve: [90.6, 77.8, 73.23, 64.68, 59.44, 55.32, 52.86, 47.11]
2023-05-28 19:55:58,701 [trainer.py] => CNN top5 curve: [99.5, 96.55, 94.03, 90.78, 87.42, 83.72, 80.24, 77.51]
2023-05-28 19:55:58,701 [trainer.py] => NME top1 curve: [89.9, 78.2, 75.4, 68.82, 65.1, 61.45, 58.1, 53.89]
2023-05-28 19:55:58,701 [trainer.py] => NME top5 curve: [99.7, 95.9, 94.03, 91.2, 88.54, 85.65, 83.59, 81.3]

2023-05-28 19:55:58,701 [trainer.py] => All params: 469354
2023-05-28 19:55:58,701 [trainer.py] => Trainable params: 469354
2023-05-28 19:55:58,701 [icarl.py] => Learning on 80-90
2023-05-28 20:06:58,833 [icarl.py] => Task 8, Epoch 170/170 => Loss 1.837, Train_accy 99.87
2023-05-28 20:06:58,834 [base.py] => Reducing exemplars...(22 per classes)
2023-05-28 20:07:56,794 [base.py] => Constructing exemplars...(22 per classes)
2023-05-28 20:08:15,173 [icarl.py] => Exemplar size: 1980
2023-05-28 20:08:15,173 [trainer.py] => CNN: {'total': 44.66, '00-09': 40.3, '10-19': 26.3, '20-29': 41.0, '30-39': 32.7, '40-49': 42.9, '50-59': 33.7, '60-69': 39.8, '70-79': 57.8, '80-89': 87.4, 'old': 39.31, 'new': 87.4}
2023-05-28 20:08:15,173 [trainer.py] => NME: {'total': 51.52, '00-09': 48.0, '10-19': 31.3, '20-29': 53.6, '30-39': 42.8, '40-49': 55.2, '50-59': 44.0, '60-69': 53.5, '70-79': 64.2, '80-89': 71.1, 'old': 49.08, 'new': 71.1}
2023-05-28 20:08:15,173 [trainer.py] => CNN top1 curve: [90.6, 77.8, 73.23, 64.68, 59.44, 55.32, 52.86, 47.11, 44.66]
2023-05-28 20:08:15,174 [trainer.py] => CNN top5 curve: [99.5, 96.55, 94.03, 90.78, 87.42, 83.72, 80.24, 77.51, 74.47]
2023-05-28 20:08:15,174 [trainer.py] => NME top1 curve: [89.9, 78.2, 75.4, 68.82, 65.1, 61.45, 58.1, 53.89, 51.52]
2023-05-28 20:08:15,174 [trainer.py] => NME top5 curve: [99.7, 95.9, 94.03, 91.2, 88.54, 85.65, 83.59, 81.3, 78.26]

2023-05-28 20:08:15,174 [trainer.py] => All params: 470004
2023-05-28 20:08:15,174 [trainer.py] => Trainable params: 470004
2023-05-28 20:08:15,174 [icarl.py] => Learning on 90-100
2023-05-28 20:18:51,787 [icarl.py] => Task 9, Epoch 170/170 => Loss 1.965, Train_accy 99.68
2023-05-28 20:18:51,787 [base.py] => Reducing exemplars...(20 per classes)
2023-05-28 20:19:55,943 [base.py] => Constructing exemplars...(20 per classes)
2023-05-28 20:20:14,273 [icarl.py] => Exemplar size: 2000
2023-05-28 20:20:14,274 [trainer.py] => CNN: {'total': 42.75, '00-09': 34.5, '10-19': 25.6, '20-29': 36.8, '30-39': 32.3, '40-49': 41.3, '50-59': 31.8, '60-69': 39.9, '70-79': 39.6, '80-89': 64.0, '90-99': 81.7, 'old': 38.42, 'new': 81.7}
2023-05-28 20:20:14,274 [trainer.py] => NME: {'total': 49.8, '00-09': 45.3, '10-19': 32.6, '20-29': 49.8, '30-39': 41.1, '40-49': 53.4, '50-59': 41.8, '60-69': 53.2, '70-79': 52.3, '80-89': 63.1, '90-99': 65.4, 'old': 48.07, 'new': 65.4}
2023-05-28 20:20:14,274 [trainer.py] => CNN top1 curve: [90.6, 77.8, 73.23, 64.68, 59.44, 55.32, 52.86, 47.11, 44.66, 42.75]
2023-05-28 20:20:14,274 [trainer.py] => CNN top5 curve: [99.5, 96.55, 94.03, 90.78, 87.42, 83.72, 80.24, 77.51, 74.47, 71.74]
2023-05-28 20:20:14,274 [trainer.py] => NME top1 curve: [89.9, 78.2, 75.4, 68.82, 65.1, 61.45, 58.1, 53.89, 51.52, 49.8]
2023-05-28 20:20:14,274 [trainer.py] => NME top5 curve: [99.7, 95.9, 94.03, 91.2, 88.54, 85.65, 83.59, 81.3, 78.26, 76.89]

