2023-05-28 04:00:10,514 [trainer.py] => config: ./exps/gem.json
2023-05-28 04:00:10,514 [trainer.py] => prefix: reproduce
2023-05-28 04:00:10,514 [trainer.py] => dataset: cifar100
2023-05-28 04:00:10,514 [trainer.py] => memory_size: 2000
2023-05-28 04:00:10,514 [trainer.py] => memory_per_class: 20
2023-05-28 04:00:10,514 [trainer.py] => fixed_memory: False
2023-05-28 04:00:10,514 [trainer.py] => shuffle: True
2023-05-28 04:00:10,514 [trainer.py] => init_cls: 10
2023-05-28 04:00:10,514 [trainer.py] => increment: 10
2023-05-28 04:00:10,514 [trainer.py] => model_name: gem
2023-05-28 04:00:10,514 [trainer.py] => convnet_type: resnet32
2023-05-28 04:00:10,514 [trainer.py] => device: [device(type='cuda', index=0), device(type='cuda', index=1), device(type='cuda', index=2), device(type='cuda', index=3)]
2023-05-28 04:00:10,514 [trainer.py] => seed: 1993
2023-05-28 04:00:16,434 [data_manager.py] => [68, 56, 78, 8, 23, 84, 90, 65, 74, 76, 40, 89, 3, 92, 55, 9, 26, 80, 43, 38, 58, 70, 77, 1, 85, 19, 17, 50, 28, 53, 13, 81, 45, 82, 6, 59, 83, 16, 15, 44, 91, 41, 72, 60, 79, 52, 20, 10, 31, 54, 37, 95, 14, 71, 96, 98, 97, 2, 64, 66, 42, 22, 35, 86, 24, 34, 87, 21, 99, 0, 88, 27, 18, 94, 11, 12, 47, 25, 30, 46, 62, 69, 36, 61, 7, 63, 75, 5, 32, 4, 51, 48, 73, 93, 39, 67, 29, 49, 57, 33]
2023-05-28 04:00:16,694 [trainer.py] => All params: 464154
2023-05-28 04:00:16,695 [trainer.py] => Trainable params: 464154
2023-05-28 04:00:16,695 [gem.py] => Learning on 0-10
2023-05-28 04:07:42,963 [gem.py] => Task 0, Epoch 200/200 => Loss 0.045, Train_accy 99.32
2023-05-28 04:07:42,964 [base.py] => Reducing exemplars...(200 per classes)
2023-05-28 04:07:42,964 [base.py] => Constructing exemplars...(200 per classes)
2023-05-28 04:07:58,740 [gem.py] => Exemplar size: 2000
2023-05-28 04:07:58,740 [trainer.py] => CNN: {'total': 92.0, '00-09': 92.0, 'old': 0, 'new': 92.0}
2023-05-28 04:07:58,740 [trainer.py] => NME: {'total': 91.8, '00-09': 91.8, 'old': 0, 'new': 91.8}
2023-05-28 04:07:58,740 [trainer.py] => CNN top1 curve: [92.0]
2023-05-28 04:07:58,740 [trainer.py] => CNN top5 curve: [99.5]
2023-05-28 04:07:58,740 [trainer.py] => NME top1 curve: [91.8]
2023-05-28 04:07:58,740 [trainer.py] => NME top5 curve: [99.4]

2023-05-28 04:07:58,740 [trainer.py] => All params: 464804
2023-05-28 04:07:58,741 [trainer.py] => Trainable params: 464804
2023-05-28 04:07:58,741 [gem.py] => Learning on 10-20
2023-05-28 04:17:56,344 [gem.py] => Task 1, Epoch 100/100 => Loss 0.097, Train_accy 98.06
2023-05-28 04:17:56,345 [base.py] => Reducing exemplars...(100 per classes)
2023-05-28 04:18:03,530 [base.py] => Constructing exemplars...(100 per classes)
2023-05-28 04:18:19,547 [gem.py] => Exemplar size: 2000
2023-05-28 04:18:19,547 [trainer.py] => CNN: {'total': 41.45, '00-09': 4.9, '10-19': 78.0, 'old': 4.9, 'new': 78.0}
2023-05-28 04:18:19,547 [trainer.py] => NME: {'total': 56.6, '00-09': 43.5, '10-19': 69.7, 'old': 43.5, 'new': 69.7}
2023-05-28 04:18:19,547 [trainer.py] => CNN top1 curve: [92.0, 41.45]
2023-05-28 04:18:19,547 [trainer.py] => CNN top5 curve: [99.5, 87.25]
2023-05-28 04:18:19,547 [trainer.py] => NME top1 curve: [91.8, 56.6]
2023-05-28 04:18:19,547 [trainer.py] => NME top5 curve: [99.4, 90.55]

2023-05-28 04:18:19,547 [trainer.py] => All params: 465454
2023-05-28 04:18:19,547 [trainer.py] => Trainable params: 465454
2023-05-28 04:18:19,548 [gem.py] => Learning on 20-30
2023-05-28 04:30:17,563 [gem.py] => Task 2, Epoch 100/100 => Loss 0.030, Train_accy 99.24
2023-05-28 04:30:17,564 [base.py] => Reducing exemplars...(66 per classes)
2023-05-28 04:30:31,694 [base.py] => Constructing exemplars...(66 per classes)
2023-05-28 04:30:47,765 [gem.py] => Exemplar size: 1980
2023-05-28 04:30:47,765 [trainer.py] => CNN: {'total': 31.73, '00-09': 0.1, '10-19': 4.6, '20-29': 90.5, 'old': 2.35, 'new': 90.5}
2023-05-28 04:30:47,765 [trainer.py] => NME: {'total': 50.33, '00-09': 38.8, '10-19': 34.7, '20-29': 77.5, 'old': 36.75, 'new': 77.5}
2023-05-28 04:30:47,765 [trainer.py] => CNN top1 curve: [92.0, 41.45, 31.73]
2023-05-28 04:30:47,765 [trainer.py] => CNN top5 curve: [99.5, 87.25, 70.53]
2023-05-28 04:30:47,765 [trainer.py] => NME top1 curve: [91.8, 56.6, 50.33]
2023-05-28 04:30:47,765 [trainer.py] => NME top5 curve: [99.4, 90.55, 84.83]

2023-05-28 04:30:47,765 [trainer.py] => All params: 466104
2023-05-28 04:30:47,765 [trainer.py] => Trainable params: 466104
2023-05-28 04:30:47,766 [gem.py] => Learning on 30-40
2023-05-28 04:44:35,240 [gem.py] => Task 3, Epoch 100/100 => Loss 0.047, Train_accy 98.78
2023-05-28 04:44:35,242 [base.py] => Reducing exemplars...(50 per classes)
2023-05-28 04:44:57,505 [base.py] => Constructing exemplars...(50 per classes)
2023-05-28 04:45:13,798 [gem.py] => Exemplar size: 2000
2023-05-28 04:45:13,798 [trainer.py] => CNN: {'total': 23.35, '00-09': 0.4, '10-19': 0.0, '20-29': 5.9, '30-39': 87.1, 'old': 2.1, 'new': 87.1}
2023-05-28 04:45:13,798 [trainer.py] => NME: {'total': 43.32, '00-09': 35.9, '10-19': 28.9, '20-29': 43.3, '30-39': 65.2, 'old': 36.03, 'new': 65.2}
2023-05-28 04:45:13,798 [trainer.py] => CNN top1 curve: [92.0, 41.45, 31.73, 23.35]
2023-05-28 04:45:13,798 [trainer.py] => CNN top5 curve: [99.5, 87.25, 70.53, 59.98]
2023-05-28 04:45:13,798 [trainer.py] => NME top1 curve: [91.8, 56.6, 50.33, 43.32]
2023-05-28 04:45:13,798 [trainer.py] => NME top5 curve: [99.4, 90.55, 84.83, 78.25]

2023-05-28 04:45:13,798 [trainer.py] => All params: 466754
2023-05-28 04:45:13,798 [trainer.py] => Trainable params: 466754
2023-05-28 04:45:13,799 [gem.py] => Learning on 40-50
2023-05-28 05:01:03,852 [gem.py] => Task 4, Epoch 100/100 => Loss 0.043, Train_accy 99.36
2023-05-28 05:01:03,853 [base.py] => Reducing exemplars...(40 per classes)
2023-05-28 05:01:33,209 [base.py] => Constructing exemplars...(40 per classes)
2023-05-28 05:01:49,870 [gem.py] => Exemplar size: 2000
2023-05-28 05:01:49,870 [trainer.py] => CNN: {'total': 20.44, '00-09': 0.0, '10-19': 0.0, '20-29': 0.3, '30-39': 9.4, '40-49': 92.5, 'old': 2.42, 'new': 92.5}
2023-05-28 05:01:49,870 [trainer.py] => NME: {'total': 37.98, '00-09': 37.1, '10-19': 22.1, '20-29': 29.6, '30-39': 26.1, '40-49': 75.0, 'old': 28.72, 'new': 75.0}
2023-05-28 05:01:49,870 [trainer.py] => CNN top1 curve: [92.0, 41.45, 31.73, 23.35, 20.44]
2023-05-28 05:01:49,870 [trainer.py] => CNN top5 curve: [99.5, 87.25, 70.53, 59.98, 54.62]
2023-05-28 05:01:49,870 [trainer.py] => NME top1 curve: [91.8, 56.6, 50.33, 43.32, 37.98]
2023-05-28 05:01:49,870 [trainer.py] => NME top5 curve: [99.4, 90.55, 84.83, 78.25, 74.88]

2023-05-28 05:01:49,870 [trainer.py] => All params: 467404
2023-05-28 05:01:49,871 [trainer.py] => Trainable params: 467404
2023-05-28 05:01:49,871 [gem.py] => Learning on 50-60
2023-05-28 09:49:03,003 [trainer.py] => config: ./exps/gem.json
2023-05-28 09:49:03,003 [trainer.py] => prefix: reproduce
2023-05-28 09:49:03,003 [trainer.py] => dataset: cifar100
2023-05-28 09:49:03,003 [trainer.py] => memory_size: 2000
2023-05-28 09:49:03,003 [trainer.py] => memory_per_class: 20
2023-05-28 09:49:03,003 [trainer.py] => fixed_memory: False
2023-05-28 09:49:03,003 [trainer.py] => shuffle: True
2023-05-28 09:49:03,003 [trainer.py] => init_cls: 10
2023-05-28 09:49:03,003 [trainer.py] => increment: 10
2023-05-28 09:49:03,003 [trainer.py] => model_name: gem
2023-05-28 09:49:03,003 [trainer.py] => convnet_type: resnet32
2023-05-28 09:49:03,003 [trainer.py] => device: [device(type='cuda', index=0), device(type='cuda', index=1), device(type='cuda', index=2), device(type='cuda', index=3)]
2023-05-28 09:49:03,003 [trainer.py] => seed: 1993
2023-05-28 09:49:06,176 [data_manager.py] => [68, 56, 78, 8, 23, 84, 90, 65, 74, 76, 40, 89, 3, 92, 55, 9, 26, 80, 43, 38, 58, 70, 77, 1, 85, 19, 17, 50, 28, 53, 13, 81, 45, 82, 6, 59, 83, 16, 15, 44, 91, 41, 72, 60, 79, 52, 20, 10, 31, 54, 37, 95, 14, 71, 96, 98, 97, 2, 64, 66, 42, 22, 35, 86, 24, 34, 87, 21, 99, 0, 88, 27, 18, 94, 11, 12, 47, 25, 30, 46, 62, 69, 36, 61, 7, 63, 75, 5, 32, 4, 51, 48, 73, 93, 39, 67, 29, 49, 57, 33]
2023-05-28 09:49:06,433 [trainer.py] => All params: 464154
2023-05-28 09:49:06,433 [trainer.py] => Trainable params: 464154
2023-05-28 09:49:06,434 [gem.py] => Learning on 0-10
2023-05-28 18:23:44,470 [trainer.py] => config: ./exps/gem.json
2023-05-28 18:23:44,470 [trainer.py] => prefix: reproduce
2023-05-28 18:23:44,470 [trainer.py] => dataset: cifar100
2023-05-28 18:23:44,470 [trainer.py] => memory_size: 2000
2023-05-28 18:23:44,471 [trainer.py] => memory_per_class: 20
2023-05-28 18:23:44,471 [trainer.py] => fixed_memory: False
2023-05-28 18:23:44,471 [trainer.py] => shuffle: True
2023-05-28 18:23:44,471 [trainer.py] => init_cls: 10
2023-05-28 18:23:44,471 [trainer.py] => increment: 10
2023-05-28 18:23:44,471 [trainer.py] => model_name: gem
2023-05-28 18:23:44,471 [trainer.py] => convnet_type: resnet32
2023-05-28 18:23:44,471 [trainer.py] => device: [device(type='cuda', index=0), device(type='cuda', index=1), device(type='cuda', index=2), device(type='cuda', index=3)]
2023-05-28 18:23:44,471 [trainer.py] => seed: 1993
2023-05-28 18:23:45,594 [data_manager.py] => [68, 56, 78, 8, 23, 84, 90, 65, 74, 76, 40, 89, 3, 92, 55, 9, 26, 80, 43, 38, 58, 70, 77, 1, 85, 19, 17, 50, 28, 53, 13, 81, 45, 82, 6, 59, 83, 16, 15, 44, 91, 41, 72, 60, 79, 52, 20, 10, 31, 54, 37, 95, 14, 71, 96, 98, 97, 2, 64, 66, 42, 22, 35, 86, 24, 34, 87, 21, 99, 0, 88, 27, 18, 94, 11, 12, 47, 25, 30, 46, 62, 69, 36, 61, 7, 63, 75, 5, 32, 4, 51, 48, 73, 93, 39, 67, 29, 49, 57, 33]
2023-05-28 18:23:45,815 [trainer.py] => All params: 464154
2023-05-28 18:23:45,815 [trainer.py] => Trainable params: 464154
2023-05-28 18:23:45,815 [gem.py] => Learning on 0-10
2023-05-28 18:31:08,654 [gem.py] => Task 0, Epoch 200/200 => Loss 0.045, Train_accy 99.32
2023-05-28 18:31:08,655 [base.py] => Reducing exemplars...(200 per classes)
2023-05-28 18:31:08,655 [base.py] => Constructing exemplars...(200 per classes)
2023-05-28 18:31:25,066 [gem.py] => Exemplar size: 2000
2023-05-28 18:31:25,067 [trainer.py] => CNN: {'total': 92.0, '00-09': 92.0, 'old': 0, 'new': 92.0}
2023-05-28 18:31:25,067 [trainer.py] => NME: {'total': 91.8, '00-09': 91.8, 'old': 0, 'new': 91.8}
2023-05-28 18:31:25,067 [trainer.py] => CNN top1 curve: [92.0]
2023-05-28 18:31:25,067 [trainer.py] => CNN top5 curve: [99.5]
2023-05-28 18:31:25,067 [trainer.py] => NME top1 curve: [91.8]
2023-05-28 18:31:25,067 [trainer.py] => NME top5 curve: [99.4]

2023-05-28 18:31:25,067 [trainer.py] => All params: 464804
2023-05-28 18:31:25,067 [trainer.py] => Trainable params: 464804
2023-05-28 18:31:25,067 [gem.py] => Learning on 10-20
2023-05-28 18:43:05,918 [gem.py] => Task 1, Epoch 100/100 => Loss 0.097, Train_accy 98.06
2023-05-28 18:43:05,920 [base.py] => Reducing exemplars...(100 per classes)
2023-05-28 18:43:13,169 [base.py] => Constructing exemplars...(100 per classes)
2023-05-28 18:43:29,697 [gem.py] => Exemplar size: 2000
2023-05-28 18:43:29,697 [trainer.py] => CNN: {'total': 41.45, '00-09': 4.9, '10-19': 78.0, 'old': 4.9, 'new': 78.0}
2023-05-28 18:43:29,697 [trainer.py] => NME: {'total': 56.6, '00-09': 43.5, '10-19': 69.7, 'old': 43.5, 'new': 69.7}
2023-05-28 18:43:29,697 [trainer.py] => CNN top1 curve: [92.0, 41.45]
2023-05-28 18:43:29,697 [trainer.py] => CNN top5 curve: [99.5, 87.25]
2023-05-28 18:43:29,697 [trainer.py] => NME top1 curve: [91.8, 56.6]
2023-05-28 18:43:29,697 [trainer.py] => NME top5 curve: [99.4, 90.55]

2023-05-28 18:43:29,697 [trainer.py] => All params: 465454
2023-05-28 18:43:29,697 [trainer.py] => Trainable params: 465454
2023-05-28 18:43:29,698 [gem.py] => Learning on 20-30
2023-05-28 18:57:23,194 [gem.py] => Task 2, Epoch 100/100 => Loss 0.030, Train_accy 99.24
2023-05-28 18:57:23,195 [base.py] => Reducing exemplars...(66 per classes)
2023-05-28 18:57:37,923 [base.py] => Constructing exemplars...(66 per classes)
2023-05-28 18:57:54,475 [gem.py] => Exemplar size: 1980
2023-05-28 18:57:54,475 [trainer.py] => CNN: {'total': 31.73, '00-09': 0.1, '10-19': 4.6, '20-29': 90.5, 'old': 2.35, 'new': 90.5}
2023-05-28 18:57:54,475 [trainer.py] => NME: {'total': 50.33, '00-09': 38.8, '10-19': 34.7, '20-29': 77.5, 'old': 36.75, 'new': 77.5}
2023-05-28 18:57:54,475 [trainer.py] => CNN top1 curve: [92.0, 41.45, 31.73]
2023-05-28 18:57:54,475 [trainer.py] => CNN top5 curve: [99.5, 87.25, 70.53]
2023-05-28 18:57:54,475 [trainer.py] => NME top1 curve: [91.8, 56.6, 50.33]
2023-05-28 18:57:54,475 [trainer.py] => NME top5 curve: [99.4, 90.55, 84.83]

2023-05-28 18:57:54,476 [trainer.py] => All params: 466104
2023-05-28 18:57:54,476 [trainer.py] => Trainable params: 466104
2023-05-28 18:57:54,476 [gem.py] => Learning on 30-40
2023-05-28 19:12:59,586 [gem.py] => Task 3, Epoch 100/100 => Loss 0.047, Train_accy 98.78
2023-05-28 19:12:59,588 [base.py] => Reducing exemplars...(50 per classes)
2023-05-28 19:13:21,101 [base.py] => Constructing exemplars...(50 per classes)
2023-05-28 19:13:37,564 [gem.py] => Exemplar size: 2000
2023-05-28 19:13:37,564 [trainer.py] => CNN: {'total': 23.35, '00-09': 0.4, '10-19': 0.0, '20-29': 5.9, '30-39': 87.1, 'old': 2.1, 'new': 87.1}
2023-05-28 19:13:37,564 [trainer.py] => NME: {'total': 43.32, '00-09': 35.9, '10-19': 28.9, '20-29': 43.3, '30-39': 65.2, 'old': 36.03, 'new': 65.2}
2023-05-28 19:13:37,564 [trainer.py] => CNN top1 curve: [92.0, 41.45, 31.73, 23.35]
2023-05-28 19:13:37,564 [trainer.py] => CNN top5 curve: [99.5, 87.25, 70.53, 59.98]
2023-05-28 19:13:37,564 [trainer.py] => NME top1 curve: [91.8, 56.6, 50.33, 43.32]
2023-05-28 19:13:37,564 [trainer.py] => NME top5 curve: [99.4, 90.55, 84.83, 78.25]

2023-05-28 19:13:37,564 [trainer.py] => All params: 466754
2023-05-28 19:13:37,564 [trainer.py] => Trainable params: 466754
2023-05-28 19:13:37,565 [gem.py] => Learning on 40-50
2023-05-28 19:29:56,535 [gem.py] => Task 4, Epoch 100/100 => Loss 0.043, Train_accy 99.36
2023-05-28 19:29:56,536 [base.py] => Reducing exemplars...(40 per classes)
2023-05-28 19:30:25,206 [base.py] => Constructing exemplars...(40 per classes)
2023-05-28 19:30:41,458 [gem.py] => Exemplar size: 2000
2023-05-28 19:30:41,458 [trainer.py] => CNN: {'total': 20.44, '00-09': 0.0, '10-19': 0.0, '20-29': 0.3, '30-39': 9.4, '40-49': 92.5, 'old': 2.42, 'new': 92.5}
2023-05-28 19:30:41,458 [trainer.py] => NME: {'total': 37.98, '00-09': 37.1, '10-19': 22.1, '20-29': 29.6, '30-39': 26.1, '40-49': 75.0, 'old': 28.72, 'new': 75.0}
2023-05-28 19:30:41,458 [trainer.py] => CNN top1 curve: [92.0, 41.45, 31.73, 23.35, 20.44]
2023-05-28 19:30:41,458 [trainer.py] => CNN top5 curve: [99.5, 87.25, 70.53, 59.98, 54.62]
2023-05-28 19:30:41,458 [trainer.py] => NME top1 curve: [91.8, 56.6, 50.33, 43.32, 37.98]
2023-05-28 19:30:41,458 [trainer.py] => NME top5 curve: [99.4, 90.55, 84.83, 78.25, 74.88]

2023-05-28 19:30:41,458 [trainer.py] => All params: 467404
2023-05-28 19:30:41,459 [trainer.py] => Trainable params: 467404
2023-05-28 19:30:41,459 [gem.py] => Learning on 50-60
2023-05-28 19:48:47,502 [gem.py] => Task 5, Epoch 100/100 => Loss 0.035, Train_accy 99.32
2023-05-28 19:48:47,504 [base.py] => Reducing exemplars...(33 per classes)
2023-05-28 19:49:23,314 [base.py] => Constructing exemplars...(33 per classes)
2023-05-28 19:49:39,893 [gem.py] => Exemplar size: 1980
2023-05-28 19:49:39,893 [trainer.py] => CNN: {'total': 16.13, '00-09': 0.0, '10-19': 0.0, '20-29': 0.0, '30-39': 0.5, '40-49': 9.2, '50-59': 87.1, 'old': 1.94, 'new': 87.1}
2023-05-28 19:49:39,893 [trainer.py] => NME: {'total': 34.25, '00-09': 28.0, '10-19': 22.0, '20-29': 24.5, '30-39': 23.1, '40-49': 42.1, '50-59': 65.8, 'old': 27.94, 'new': 65.8}
2023-05-28 19:49:39,893 [trainer.py] => CNN top1 curve: [92.0, 41.45, 31.73, 23.35, 20.44, 16.13]
2023-05-28 19:49:39,893 [trainer.py] => CNN top5 curve: [99.5, 87.25, 70.53, 59.98, 54.62, 47.37]
2023-05-28 19:49:39,893 [trainer.py] => NME top1 curve: [91.8, 56.6, 50.33, 43.32, 37.98, 34.25]
2023-05-28 19:49:39,893 [trainer.py] => NME top5 curve: [99.4, 90.55, 84.83, 78.25, 74.88, 69.35]

2023-05-28 19:49:39,893 [trainer.py] => All params: 468054
2023-05-28 19:49:39,893 [trainer.py] => Trainable params: 468054
2023-05-28 19:49:39,894 [gem.py] => Learning on 60-70
2023-05-28 20:10:00,382 [gem.py] => Task 6, Epoch 100/100 => Loss 0.027, Train_accy 99.40
2023-05-28 20:10:00,383 [base.py] => Reducing exemplars...(28 per classes)
2023-05-28 20:10:43,463 [base.py] => Constructing exemplars...(28 per classes)
2023-05-28 20:11:00,211 [gem.py] => Exemplar size: 1960
2023-05-28 20:11:00,211 [trainer.py] => CNN: {'total': 15.14, '00-09': 0.1, '10-19': 0.0, '20-29': 0.0, '30-39': 0.0, '40-49': 0.2, '50-59': 13.8, '60-69': 91.9, 'old': 2.35, 'new': 91.9}
2023-05-28 20:11:00,211 [trainer.py] => NME: {'total': 30.83, '00-09': 21.2, '10-19': 17.5, '20-29': 22.8, '30-39': 19.9, '40-49': 28.2, '50-59': 31.5, '60-69': 74.7, 'old': 23.52, 'new': 74.7}
2023-05-28 20:11:00,211 [trainer.py] => CNN top1 curve: [92.0, 41.45, 31.73, 23.35, 20.44, 16.13, 15.14]
2023-05-28 20:11:00,211 [trainer.py] => CNN top5 curve: [99.5, 87.25, 70.53, 59.98, 54.62, 47.37, 41.44]
2023-05-28 20:11:00,211 [trainer.py] => NME top1 curve: [91.8, 56.6, 50.33, 43.32, 37.98, 34.25, 30.83]
2023-05-28 20:11:00,211 [trainer.py] => NME top5 curve: [99.4, 90.55, 84.83, 78.25, 74.88, 69.35, 65.23]

2023-05-28 20:11:00,211 [trainer.py] => All params: 468704
2023-05-28 20:11:00,211 [trainer.py] => Trainable params: 468704
2023-05-28 20:11:00,212 [gem.py] => Learning on 70-80
2023-05-28 20:32:38,378 [gem.py] => Task 7, Epoch 100/100 => Loss 0.059, Train_accy 99.10
2023-05-28 20:32:38,379 [base.py] => Reducing exemplars...(25 per classes)
2023-05-28 20:33:29,783 [base.py] => Constructing exemplars...(25 per classes)
2023-05-28 20:33:46,714 [gem.py] => Exemplar size: 2000
2023-05-28 20:33:46,714 [trainer.py] => CNN: {'total': 13.16, '00-09': 0.0, '10-19': 0.0, '20-29': 0.0, '30-39': 0.0, '40-49': 0.0, '50-59': 2.8, '60-69': 14.7, '70-79': 87.8, 'old': 2.5, 'new': 87.8}
2023-05-28 20:33:46,714 [trainer.py] => NME: {'total': 30.12, '00-09': 27.1, '10-19': 16.1, '20-29': 23.5, '30-39': 19.6, '40-49': 30.3, '50-59': 25.0, '60-69': 37.7, '70-79': 61.7, 'old': 25.61, 'new': 61.7}
2023-05-28 20:33:46,714 [trainer.py] => CNN top1 curve: [92.0, 41.45, 31.73, 23.35, 20.44, 16.13, 15.14, 13.16]
2023-05-28 20:33:46,714 [trainer.py] => CNN top5 curve: [99.5, 87.25, 70.53, 59.98, 54.62, 47.37, 41.44, 39.16]
2023-05-28 20:33:46,714 [trainer.py] => NME top1 curve: [91.8, 56.6, 50.33, 43.32, 37.98, 34.25, 30.83, 30.12]
2023-05-28 20:33:46,714 [trainer.py] => NME top5 curve: [99.4, 90.55, 84.83, 78.25, 74.88, 69.35, 65.23, 65.15]

2023-05-28 20:33:46,714 [trainer.py] => All params: 469354
2023-05-28 20:33:46,714 [trainer.py] => Trainable params: 469354
2023-05-28 20:33:46,715 [gem.py] => Learning on 80-90
2023-05-28 20:58:22,475 [gem.py] => Task 8, Epoch 100/100 => Loss 0.064, Train_accy 99.20
2023-05-28 20:58:22,482 [base.py] => Reducing exemplars...(22 per classes)
2023-05-28 20:59:20,539 [base.py] => Constructing exemplars...(22 per classes)
2023-05-28 20:59:37,782 [gem.py] => Exemplar size: 1980
2023-05-28 20:59:37,782 [trainer.py] => CNN: {'total': 11.91, '00-09': 0.0, '10-19': 0.0, '20-29': 0.0, '30-39': 0.0, '40-49': 0.0, '50-59': 0.5, '60-69': 0.4, '70-79': 16.7, '80-89': 89.6, 'old': 2.2, 'new': 89.6}
2023-05-28 20:59:37,782 [trainer.py] => NME: {'total': 28.31, '00-09': 20.5, '10-19': 13.4, '20-29': 23.8, '30-39': 18.9, '40-49': 30.6, '50-59': 22.8, '60-69': 32.1, '70-79': 30.4, '80-89': 62.3, 'old': 24.06, 'new': 62.3}
2023-05-28 20:59:37,782 [trainer.py] => CNN top1 curve: [92.0, 41.45, 31.73, 23.35, 20.44, 16.13, 15.14, 13.16, 11.91]
2023-05-28 20:59:37,782 [trainer.py] => CNN top5 curve: [99.5, 87.25, 70.53, 59.98, 54.62, 47.37, 41.44, 39.16, 36.19]
2023-05-28 20:59:37,782 [trainer.py] => NME top1 curve: [91.8, 56.6, 50.33, 43.32, 37.98, 34.25, 30.83, 30.12, 28.31]
2023-05-28 20:59:37,782 [trainer.py] => NME top5 curve: [99.4, 90.55, 84.83, 78.25, 74.88, 69.35, 65.23, 65.15, 62.28]

2023-05-28 20:59:37,782 [trainer.py] => All params: 470004
2023-05-28 20:59:37,782 [trainer.py] => Trainable params: 470004
2023-05-28 20:59:37,783 [gem.py] => Learning on 90-100
2023-05-28 21:25:25,448 [gem.py] => Task 9, Epoch 100/100 => Loss 0.064, Train_accy 98.36
2023-05-28 21:25:25,451 [base.py] => Reducing exemplars...(20 per classes)
2023-05-28 21:26:31,973 [base.py] => Constructing exemplars...(20 per classes)
2023-05-28 21:26:49,353 [gem.py] => Exemplar size: 2000
2023-05-28 21:26:49,353 [trainer.py] => CNN: {'total': 9.91, '00-09': 0.0, '10-19': 0.0, '20-29': 0.0, '30-39': 0.0, '40-49': 0.0, '50-59': 0.2, '60-69': 0.0, '70-79': 0.5, '80-89': 12.9, '90-99': 85.5, 'old': 1.51, 'new': 85.5}
2023-05-28 21:26:49,353 [trainer.py] => NME: {'total': 26.43, '00-09': 20.7, '10-19': 15.7, '20-29': 22.4, '30-39': 17.5, '40-49': 25.5, '50-59': 18.1, '60-69': 30.1, '70-79': 24.8, '80-89': 28.5, '90-99': 61.0, 'old': 22.59, 'new': 61.0}
2023-05-28 21:26:49,353 [trainer.py] => CNN top1 curve: [92.0, 41.45, 31.73, 23.35, 20.44, 16.13, 15.14, 13.16, 11.91, 9.91]
2023-05-28 21:26:49,353 [trainer.py] => CNN top5 curve: [99.5, 87.25, 70.53, 59.98, 54.62, 47.37, 41.44, 39.16, 36.19, 30.46]
2023-05-28 21:26:49,353 [trainer.py] => NME top1 curve: [91.8, 56.6, 50.33, 43.32, 37.98, 34.25, 30.83, 30.12, 28.31, 26.43]
2023-05-28 21:26:49,353 [trainer.py] => NME top5 curve: [99.4, 90.55, 84.83, 78.25, 74.88, 69.35, 65.23, 65.15, 62.28, 57.23]

